<?xml version="1.0" encoding="UTF-8"?>
<!-- Generated by org.testng.reporters.JUnitReportReporter -->
<testsuite hostname="Rithesh" failures="0" tests="1" name="robotclassusage.TakeFullScreenshotUsage" time="6.879" errors="0" timestamp="2025-06-29T12:14:19 IST" skipped="0">
  <testcase classname="robotclassusage.TakeFullScreenshotUsage" name="test" time="6.879"/>
  <system-out/>
</testsuite> <!-- robotclassusage.TakeFullScreenshotUsage -->
