<?xml version="1.0" encoding="UTF-8"?>
<!-- Generated by org.testng.reporters.JUnitReportReporter -->
<testsuite hostname="Rithesh" failures="0" tests="2" name="keyrelated.EnterPressBackSPace" time="6.366" errors="0" timestamp="2025-06-28T22:52:55 IST" skipped="0">
  <testcase classname="keyrelated.EnterPressBackSPace" name="testone" time="1.062"/>
  <system-out/>
  <testcase classname="keyrelated.EnterPressBackSPace" name="test" time="5.304"/>
  <system-out/>
</testsuite> <!-- keyrelated.EnterPressBackSPace -->
